<?xml version="1.0" encoding="UTF-8"?>
<!-- Generated by org.testng.reporters.JUnitXMLReporter -->
<testsuite ignored="0" hostname="DESKTOP-7J8M9JT" failures="0" tests="3" name="Default test" time="45.326" errors="0" timestamp="2023-10-03T12:25:25 IST">
  <testcase classname="DemoQa.DemoQa.NewTest" name="elements" time="30.249"/>
  <testcase classname="DemoQa.DemoQa.NewTest" name="alertFramesandWindows" time="5.189"/>
  <testcase classname="DemoQa.DemoQa.NewTest" name="frames" time="9.804"/>
</testsuite> <!-- Default test -->
