<?xml version="1.0" encoding="UTF-8"?>
<testng-results ignored="0" total="3" passed="3" failed="0" skipped="0">
  <reporter-output>
  </reporter-output>
  <suite started-at="2023-10-17T18:09:28 IST" name="Default suite" finished-at="2023-10-17T18:10:00 IST" duration-ms="31645">
    <groups>
    </groups>
    <test started-at="2023-10-17T18:09:28 IST" name="Default test" finished-at="2023-10-17T18:10:00 IST" duration-ms="31645">
      <class name="DemoQa.DemoQa.NewTest">
        <test-method is-config="true" signature="beforeSuite()[pri:0, instance:DemoQa.DemoQa.NewTest@7674f035]" started-at="2023-10-17T18:09:16 IST" name="beforeSuite" finished-at="2023-10-17T18:09:28 IST" duration-ms="12056" status="PASS">
          <reporter-output>
          </reporter-output>
        </test-method> <!-- beforeSuite -->
        <test-method signature="elements()[pri:0, instance:DemoQa.DemoQa.NewTest@7674f035]" started-at="2023-10-17T18:09:28 IST" name="elements" finished-at="2023-10-17T18:09:50 IST" duration-ms="22128" status="PASS">
          <reporter-output>
          </reporter-output>
        </test-method> <!-- elements -->
        <test-method signature="widgets2()[pri:1, instance:DemoQa.DemoQa.NewTest@7674f035]" started-at="2023-10-17T18:09:50 IST" name="widgets2" finished-at="2023-10-17T18:09:55 IST" duration-ms="5202" status="PASS">
          <reporter-output>
          </reporter-output>
        </test-method> <!-- widgets2 -->
        <test-method signature="tabs()[pri:2, instance:DemoQa.DemoQa.NewTest@7674f035]" started-at="2023-10-17T18:09:55 IST" name="tabs" finished-at="2023-10-17T18:10:00 IST" duration-ms="4235" status="PASS">
          <reporter-output>
          </reporter-output>
        </test-method> <!-- tabs -->
        <test-method is-config="true" signature="afterSuite()[pri:0, instance:DemoQa.DemoQa.NewTest@7674f035]" started-at="2023-10-17T18:10:00 IST" name="afterSuite" finished-at="2023-10-17T18:10:00 IST" duration-ms="260" status="PASS">
          <reporter-output>
          </reporter-output>
        </test-method> <!-- afterSuite -->
      </class> <!-- DemoQa.DemoQa.NewTest -->
    </test> <!-- Default test -->
  </suite> <!-- Default suite -->
</testng-results>
